2015-01-03 18:39:37,687 - Trying to use logger class org.apache.velocity.runtime.log.SimpleLog4JLogSystem
2015-01-03 18:39:37,687 - Using logger class org.apache.velocity.runtime.log.SimpleLog4JLogSystem
2015-01-03 18:39:37,734 - Default ResourceManager initializing. (class org.apache.velocity.runtime.resource.ResourceManagerImpl)
2015-01-03 18:39:37,750 - Resource Loader Instantiated: org.apache.velocity.runtime.resource.loader.ClasspathResourceLoader
2015-01-03 18:39:37,750 - ClasspathResourceLoader : initialization starting.
2015-01-03 18:39:37,750 - ClasspathResourceLoader : initialization complete.
2015-01-03 18:39:37,765 - ResourceCache : initialized. (class org.apache.velocity.runtime.resource.ResourceCacheImpl)
2015-01-03 18:39:37,765 - Default ResourceManager initialization complete.
2015-01-03 18:39:37,781 - Loaded System Directive: org.apache.velocity.runtime.directive.Literal
2015-01-03 18:39:37,797 - Loaded System Directive: org.apache.velocity.runtime.directive.Macro
2015-01-03 18:39:37,812 - Loaded System Directive: org.apache.velocity.runtime.directive.Parse
2015-01-03 18:39:37,828 - Loaded System Directive: org.apache.velocity.runtime.directive.Include
2015-01-03 18:39:37,828 - Loaded System Directive: org.apache.velocity.runtime.directive.Foreach
2015-01-03 18:39:37,969 - Created: 20 parsers.
2015-01-03 18:39:38,031 - Velocimacro : initialization starting.
2015-01-03 18:39:38,031 - Velocimacro : adding VMs from VM library template : VM_global_library.vm
2015-01-03 18:39:38,109 - ResourceManager : unable to find resource 'VM_global_library.vm' in any resource loader.
2015-01-03 18:39:38,109 - Velocimacro : error using  VM library template VM_global_library.vm : org.apache.velocity.exception.ResourceNotFoundException: Unable to find resource 'VM_global_library.vm'
2015-01-03 18:39:38,109 - Velocimacro :  VM library template macro registration complete.
2015-01-03 18:39:38,109 - Velocimacro : allowInline = true : VMs can be defined inline in templates
2015-01-03 18:39:38,109 - Velocimacro : allowInlineToOverride = false : VMs defined inline may NOT replace previous VM definitions
2015-01-03 18:39:38,109 - Velocimacro : allowInlineLocal = false : VMs defined inline will be  global in scope if allowed.
2015-01-03 18:39:38,109 - Velocimacro : messages on  : VM system will output logging messages
2015-01-03 18:39:38,109 - Velocimacro : autoload off  : VM system will not automatically reload global library macros
2015-01-03 18:39:38,109 - Velocimacro : initialization complete.
2015-01-03 18:39:38,109 - Velocity successfully started.
2015-01-03 18:44:24,491 - SimpleLog4JLogSystem initialized using logfile 'velocity.log'
2015-01-03 18:44:24,491 - ************************************************************** 
2015-01-03 18:44:24,491 - Starting Jakarta Velocity v1.4
2015-01-03 18:44:24,491 - RuntimeInstance initializing.
2015-01-03 18:44:24,491 - Default Properties File: org\apache\velocity\runtime\defaults\velocity.properties
2015-01-03 18:44:24,491 - Trying to use logger class org.apache.velocity.runtime.log.SimpleLog4JLogSystem
2015-01-03 18:44:24,491 - Using logger class org.apache.velocity.runtime.log.SimpleLog4JLogSystem
2015-01-03 18:44:24,522 - Default ResourceManager initializing. (class org.apache.velocity.runtime.resource.ResourceManagerImpl)
2015-01-03 18:44:24,553 - Resource Loader Instantiated: org.apache.velocity.runtime.resource.loader.ClasspathResourceLoader
2015-01-03 18:44:24,553 - ClasspathResourceLoader : initialization starting.
2015-01-03 18:44:24,553 - ClasspathResourceLoader : initialization complete.
2015-01-03 18:44:24,569 - ResourceCache : initialized. (class org.apache.velocity.runtime.resource.ResourceCacheImpl)
2015-01-03 18:44:24,569 - Default ResourceManager initialization complete.
2015-01-03 18:44:24,584 - Loaded System Directive: org.apache.velocity.runtime.directive.Literal
2015-01-03 18:44:24,600 - Loaded System Directive: org.apache.velocity.runtime.directive.Macro
2015-01-03 18:44:24,631 - Loaded System Directive: org.apache.velocity.runtime.directive.Parse
2015-01-03 18:44:24,647 - Loaded System Directive: org.apache.velocity.runtime.directive.Include
2015-01-03 18:44:24,647 - Loaded System Directive: org.apache.velocity.runtime.directive.Foreach
2015-01-03 18:44:24,834 - Created: 20 parsers.
2015-01-03 18:44:24,928 - Velocimacro : initialization starting.
2015-01-03 18:44:24,928 - Velocimacro : adding VMs from VM library template : VM_global_library.vm
2015-01-03 18:44:24,959 - ResourceManager : unable to find resource 'VM_global_library.vm' in any resource loader.
2015-01-03 18:44:24,959 - Velocimacro : error using  VM library template VM_global_library.vm : org.apache.velocity.exception.ResourceNotFoundException: Unable to find resource 'VM_global_library.vm'
2015-01-03 18:44:24,959 - Velocimacro :  VM library template macro registration complete.
2015-01-03 18:44:24,959 - Velocimacro : allowInline = true : VMs can be defined inline in templates
2015-01-03 18:44:24,959 - Velocimacro : allowInlineToOverride = false : VMs defined inline may NOT replace previous VM definitions
2015-01-03 18:44:24,959 - Velocimacro : allowInlineLocal = false : VMs defined inline will be  global in scope if allowed.
2015-01-03 18:44:24,959 - Velocimacro : messages on  : VM system will output logging messages
2015-01-03 18:44:24,959 - Velocimacro : autoload off  : VM system will not automatically reload global library macros
2015-01-03 18:44:24,959 - Velocimacro : initialization complete.
2015-01-03 18:44:24,959 - Velocity successfully started.
2015-01-03 18:57:35,782 - SimpleLog4JLogSystem initialized using logfile 'velocity.log'
2015-01-03 18:57:35,782 - ************************************************************** 
2015-01-03 18:57:35,782 - Starting Jakarta Velocity v1.4
2015-01-03 18:57:35,782 - RuntimeInstance initializing.
2015-01-03 18:57:35,782 - Default Properties File: org\apache\velocity\runtime\defaults\velocity.properties
2015-01-03 18:57:35,782 - Trying to use logger class org.apache.velocity.runtime.log.SimpleLog4JLogSystem
2015-01-03 18:57:35,782 - Using logger class org.apache.velocity.runtime.log.SimpleLog4JLogSystem
2015-01-03 18:57:35,814 - Default ResourceManager initializing. (class org.apache.velocity.runtime.resource.ResourceManagerImpl)
2015-01-03 18:57:35,845 - Resource Loader Instantiated: org.apache.velocity.runtime.resource.loader.ClasspathResourceLoader
2015-01-03 18:57:35,845 - ClasspathResourceLoader : initialization starting.
2015-01-03 18:57:35,845 - ClasspathResourceLoader : initialization complete.
2015-01-03 18:57:35,861 - ResourceCache : initialized. (class org.apache.velocity.runtime.resource.ResourceCacheImpl)
2015-01-03 18:57:35,861 - Default ResourceManager initialization complete.
2015-01-03 18:57:35,861 - Loaded System Directive: org.apache.velocity.runtime.directive.Literal
2015-01-03 18:57:35,876 - Loaded System Directive: org.apache.velocity.runtime.directive.Macro
2015-01-03 18:57:35,892 - Loaded System Directive: org.apache.velocity.runtime.directive.Parse
2015-01-03 18:57:35,907 - Loaded System Directive: org.apache.velocity.runtime.directive.Include
2015-01-03 18:57:35,907 - Loaded System Directive: org.apache.velocity.runtime.directive.Foreach
2015-01-03 18:57:36,064 - Created: 20 parsers.
2015-01-03 18:57:36,111 - Velocimacro : initialization starting.
2015-01-03 18:57:36,111 - Velocimacro : adding VMs from VM library template : VM_global_library.vm
2015-01-03 18:57:36,142 - ResourceManager : unable to find resource 'VM_global_library.vm' in any resource loader.
2015-01-03 18:57:36,142 - Velocimacro : error using  VM library template VM_global_library.vm : org.apache.velocity.exception.ResourceNotFoundException: Unable to find resource 'VM_global_library.vm'
2015-01-03 18:57:36,142 - Velocimacro :  VM library template macro registration complete.
2015-01-03 18:57:36,142 - Velocimacro : allowInline = true : VMs can be defined inline in templates
2015-01-03 18:57:36,142 - Velocimacro : allowInlineToOverride = false : VMs defined inline may NOT replace previous VM definitions
2015-01-03 18:57:36,142 - Velocimacro : allowInlineLocal = false : VMs defined inline will be  global in scope if allowed.
2015-01-03 18:57:36,142 - Velocimacro : messages on  : VM system will output logging messages
2015-01-03 18:57:36,142 - Velocimacro : autoload off  : VM system will not automatically reload global library macros
2015-01-03 18:57:36,142 - Velocimacro : initialization complete.
2015-01-03 18:57:36,142 - Velocity successfully started.
2015-01-03 19:00:15,499 - SimpleLog4JLogSystem initialized using logfile 'velocity.log'
2015-01-03 19:00:15,499 - ************************************************************** 
2015-01-03 19:00:15,499 - Starting Jakarta Velocity v1.4
2015-01-03 19:00:15,499 - RuntimeInstance initializing.
2015-01-03 19:00:15,499 - Default Properties File: org\apache\velocity\runtime\defaults\velocity.properties
2015-01-03 19:00:15,499 - Trying to use logger class org.apache.velocity.runtime.log.SimpleLog4JLogSystem
2015-01-03 19:00:15,499 - Using logger class org.apache.velocity.runtime.log.SimpleLog4JLogSystem
2015-01-03 19:00:15,515 - Default ResourceManager initializing. (class org.apache.velocity.runtime.resource.ResourceManagerImpl)
2015-01-03 19:00:15,530 - Resource Loader Instantiated: org.apache.velocity.runtime.resource.loader.ClasspathResourceLoader
2015-01-03 19:00:15,530 - ClasspathResourceLoader : initialization starting.
2015-01-03 19:00:15,530 - ClasspathResourceLoader : initialization complete.
2015-01-03 19:00:15,530 - ResourceCache : initialized. (class org.apache.velocity.runtime.resource.ResourceCacheImpl)
2015-01-03 19:00:15,530 - Default ResourceManager initialization complete.
2015-01-03 19:00:15,546 - Loaded System Directive: org.apache.velocity.runtime.directive.Literal
2015-01-03 19:00:15,546 - Loaded System Directive: org.apache.velocity.runtime.directive.Macro
2015-01-03 19:00:15,561 - Loaded System Directive: org.apache.velocity.runtime.directive.Parse
2015-01-03 19:00:15,577 - Loaded System Directive: org.apache.velocity.runtime.directive.Include
2015-01-03 19:00:15,577 - Loaded System Directive: org.apache.velocity.runtime.directive.Foreach
2015-01-03 19:00:15,686 - Created: 20 parsers.
2015-01-03 19:00:15,718 - Velocimacro : initialization starting.
2015-01-03 19:00:15,718 - Velocimacro : adding VMs from VM library template : VM_global_library.vm
2015-01-03 19:00:15,733 - ResourceManager : unable to find resource 'VM_global_library.vm' in any resource loader.
2015-01-03 19:00:15,733 - Velocimacro : error using  VM library template VM_global_library.vm : org.apache.velocity.exception.ResourceNotFoundException: Unable to find resource 'VM_global_library.vm'
2015-01-03 19:00:15,733 - Velocimacro :  VM library template macro registration complete.
2015-01-03 19:00:15,733 - Velocimacro : allowInline = true : VMs can be defined inline in templates
2015-01-03 19:00:15,733 - Velocimacro : allowInlineToOverride = false : VMs defined inline may NOT replace previous VM definitions
2015-01-03 19:00:15,733 - Velocimacro : allowInlineLocal = false : VMs defined inline will be  global in scope if allowed.
2015-01-03 19:00:15,733 - Velocimacro : messages on  : VM system will output logging messages
2015-01-03 19:00:15,733 - Velocimacro : autoload off  : VM system will not automatically reload global library macros
2015-01-03 19:00:15,733 - Velocimacro : initialization complete.
2015-01-03 19:00:15,733 - Velocity successfully started.
2015-01-03 19:43:08,071 - SimpleLog4JLogSystem initialized using logfile 'velocity.log'
2015-01-03 19:43:08,071 - ************************************************************** 
2015-01-03 19:43:08,071 - Starting Jakarta Velocity v1.4
2015-01-03 19:43:08,071 - RuntimeInstance initializing.
2015-01-03 19:43:08,071 - Default Properties File: org\apache\velocity\runtime\defaults\velocity.properties
2015-01-03 19:43:08,071 - Trying to use logger class org.apache.velocity.runtime.log.SimpleLog4JLogSystem
2015-01-03 19:43:08,071 - Using logger class org.apache.velocity.runtime.log.SimpleLog4JLogSystem
2015-01-03 19:43:08,102 - Default ResourceManager initializing. (class org.apache.velocity.runtime.resource.ResourceManagerImpl)
2015-01-03 19:43:08,118 - Resource Loader Instantiated: org.apache.velocity.runtime.resource.loader.ClasspathResourceLoader
2015-01-03 19:43:08,118 - ClasspathResourceLoader : initialization starting.
2015-01-03 19:43:08,118 - ClasspathResourceLoader : initialization complete.
2015-01-03 19:43:08,134 - ResourceCache : initialized. (class org.apache.velocity.runtime.resource.ResourceCacheImpl)
2015-01-03 19:43:08,134 - Default ResourceManager initialization complete.
2015-01-03 19:43:08,149 - Loaded System Directive: org.apache.velocity.runtime.directive.Literal
2015-01-03 19:43:08,149 - Loaded System Directive: org.apache.velocity.runtime.directive.Macro
2015-01-03 19:43:08,165 - Loaded System Directive: org.apache.velocity.runtime.directive.Parse
2015-01-03 19:43:08,180 - Loaded System Directive: org.apache.velocity.runtime.directive.Include
2015-01-03 19:43:08,180 - Loaded System Directive: org.apache.velocity.runtime.directive.Foreach
2015-01-03 19:43:08,305 - Created: 20 parsers.
2015-01-03 19:43:08,337 - Velocimacro : initialization starting.
2015-01-03 19:43:08,337 - Velocimacro : adding VMs from VM library template : VM_global_library.vm
2015-01-03 19:43:08,352 - ResourceManager : unable to find resource 'VM_global_library.vm' in any resource loader.
2015-01-03 19:43:08,352 - Velocimacro : error using  VM library template VM_global_library.vm : org.apache.velocity.exception.ResourceNotFoundException: Unable to find resource 'VM_global_library.vm'
2015-01-03 19:43:08,368 - Velocimacro :  VM library template macro registration complete.
2015-01-03 19:43:08,368 - Velocimacro : allowInline = true : VMs can be defined inline in templates
2015-01-03 19:43:08,368 - Velocimacro : allowInlineToOverride = false : VMs defined inline may NOT replace previous VM definitions
2015-01-03 19:43:08,368 - Velocimacro : allowInlineLocal = false : VMs defined inline will be  global in scope if allowed.
2015-01-03 19:43:08,368 - Velocimacro : messages on  : VM system will output logging messages
2015-01-03 19:43:08,368 - Velocimacro : autoload off  : VM system will not automatically reload global library macros
2015-01-03 19:43:08,368 - Velocimacro : initialization complete.
2015-01-03 19:43:08,368 - Velocity successfully started.
2015-01-03 20:01:59,391 - SimpleLog4JLogSystem initialized using logfile 'velocity.log'
2015-01-03 20:01:59,391 - ************************************************************** 
2015-01-03 20:01:59,391 - Starting Jakarta Velocity v1.4
2015-01-03 20:01:59,391 - RuntimeInstance initializing.
2015-01-03 20:01:59,391 - Default Properties File: org\apache\velocity\runtime\defaults\velocity.properties
2015-01-03 20:01:59,391 - Trying to use logger class org.apache.velocity.runtime.log.SimpleLog4JLogSystem
2015-01-03 20:01:59,391 - Using logger class org.apache.velocity.runtime.log.SimpleLog4JLogSystem
2015-01-03 20:01:59,406 - Default ResourceManager initializing. (class org.apache.velocity.runtime.resource.ResourceManagerImpl)
2015-01-03 20:01:59,406 - Resource Loader Instantiated: org.apache.velocity.runtime.resource.loader.ClasspathResourceLoader
2015-01-03 20:01:59,406 - ClasspathResourceLoader : initialization starting.
2015-01-03 20:01:59,406 - ClasspathResourceLoader : initialization complete.
2015-01-03 20:01:59,422 - ResourceCache : initialized. (class org.apache.velocity.runtime.resource.ResourceCacheImpl)
2015-01-03 20:01:59,422 - Default ResourceManager initialization complete.
2015-01-03 20:01:59,453 - Loaded System Directive: org.apache.velocity.runtime.directive.Literal
2015-01-03 20:01:59,469 - Loaded System Directive: org.apache.velocity.runtime.directive.Macro
2015-01-03 20:01:59,469 - Loaded System Directive: org.apache.velocity.runtime.directive.Parse
2015-01-03 20:01:59,485 - Loaded System Directive: org.apache.velocity.runtime.directive.Include
2015-01-03 20:01:59,485 - Loaded System Directive: org.apache.velocity.runtime.directive.Foreach
2015-01-03 20:01:59,594 - Created: 20 parsers.
2015-01-03 20:01:59,625 - Velocimacro : initialization starting.
2015-01-03 20:01:59,625 - Velocimacro : adding VMs from VM library template : VM_global_library.vm
2015-01-03 20:01:59,641 - ResourceManager : unable to find resource 'VM_global_library.vm' in any resource loader.
2015-01-03 20:01:59,641 - Velocimacro : error using  VM library template VM_global_library.vm : org.apache.velocity.exception.ResourceNotFoundException: Unable to find resource 'VM_global_library.vm'
2015-01-03 20:01:59,641 - Velocimacro :  VM library template macro registration complete.
2015-01-03 20:01:59,641 - Velocimacro : allowInline = true : VMs can be defined inline in templates
2015-01-03 20:01:59,641 - Velocimacro : allowInlineToOverride = false : VMs defined inline may NOT replace previous VM definitions
2015-01-03 20:01:59,641 - Velocimacro : allowInlineLocal = false : VMs defined inline will be  global in scope if allowed.
2015-01-03 20:01:59,641 - Velocimacro : messages on  : VM system will output logging messages
2015-01-03 20:01:59,641 - Velocimacro : autoload off  : VM system will not automatically reload global library macros
2015-01-03 20:01:59,641 - Velocimacro : initialization complete.
2015-01-03 20:01:59,641 - Velocity successfully started.
2015-01-03 20:07:19,350 - ResourceManager : found repast/simphony/scenario/Scenario.vt with loader org.apache.velocity.runtime.resource.loader.ClasspathResourceLoader
2015-01-03 20:10:08,875 - SimpleLog4JLogSystem initialized using logfile 'velocity.log'
2015-01-03 20:10:08,875 - ************************************************************** 
2015-01-03 20:10:08,875 - Starting Jakarta Velocity v1.4
2015-01-03 20:10:08,875 - RuntimeInstance initializing.
2015-01-03 20:10:08,875 - Default Properties File: org\apache\velocity\runtime\defaults\velocity.properties
2015-01-03 20:10:08,875 - Trying to use logger class org.apache.velocity.runtime.log.SimpleLog4JLogSystem
2015-01-03 20:10:08,875 - Using logger class org.apache.velocity.runtime.log.SimpleLog4JLogSystem
2015-01-03 20:10:08,890 - Default ResourceManager initializing. (class org.apache.velocity.runtime.resource.ResourceManagerImpl)
2015-01-03 20:10:08,906 - Resource Loader Instantiated: org.apache.velocity.runtime.resource.loader.ClasspathResourceLoader
2015-01-03 20:10:08,906 - ClasspathResourceLoader : initialization starting.
2015-01-03 20:10:08,906 - ClasspathResourceLoader : initialization complete.
2015-01-03 20:10:08,921 - ResourceCache : initialized. (class org.apache.velocity.runtime.resource.ResourceCacheImpl)
2015-01-03 20:10:08,921 - Default ResourceManager initialization complete.
2015-01-03 20:10:08,921 - Loaded System Directive: org.apache.velocity.runtime.directive.Literal
2015-01-03 20:10:08,937 - Loaded System Directive: org.apache.velocity.runtime.directive.Macro
2015-01-03 20:10:08,953 - Loaded System Directive: org.apache.velocity.runtime.directive.Parse
2015-01-03 20:10:08,953 - Loaded System Directive: org.apache.velocity.runtime.directive.Include
2015-01-03 20:10:08,968 - Loaded System Directive: org.apache.velocity.runtime.directive.Foreach
2015-01-03 20:10:09,078 - Created: 20 parsers.
2015-01-03 20:10:09,109 - Velocimacro : initialization starting.
2015-01-03 20:10:09,109 - Velocimacro : adding VMs from VM library template : VM_global_library.vm
2015-01-03 20:10:09,140 - ResourceManager : unable to find resource 'VM_global_library.vm' in any resource loader.
2015-01-03 20:10:09,140 - Velocimacro : error using  VM library template VM_global_library.vm : org.apache.velocity.exception.ResourceNotFoundException: Unable to find resource 'VM_global_library.vm'
2015-01-03 20:10:09,140 - Velocimacro :  VM library template macro registration complete.
2015-01-03 20:10:09,140 - Velocimacro : allowInline = true : VMs can be defined inline in templates
2015-01-03 20:10:09,140 - Velocimacro : allowInlineToOverride = false : VMs defined inline may NOT replace previous VM definitions
2015-01-03 20:10:09,140 - Velocimacro : allowInlineLocal = false : VMs defined inline will be  global in scope if allowed.
2015-01-03 20:10:09,140 - Velocimacro : messages on  : VM system will output logging messages
2015-01-03 20:10:09,140 - Velocimacro : autoload off  : VM system will not automatically reload global library macros
2015-01-03 20:10:09,140 - Velocimacro : initialization complete.
2015-01-03 20:10:09,140 - Velocity successfully started.
2015-01-03 20:12:17,900 - ResourceManager : found repast/simphony/scenario/Scenario.vt with loader org.apache.velocity.runtime.resource.loader.ClasspathResourceLoader
2015-01-03 20:13:22,123 - SimpleLog4JLogSystem initialized using logfile 'velocity.log'
2015-01-03 20:13:22,123 - ************************************************************** 
2015-01-03 20:13:22,123 - Starting Jakarta Velocity v1.4
2015-01-03 20:13:22,123 - RuntimeInstance initializing.
2015-01-03 20:13:22,123 - Default Properties File: org\apache\velocity\runtime\defaults\velocity.properties
2015-01-03 20:13:22,123 - Trying to use logger class org.apache.velocity.runtime.log.SimpleLog4JLogSystem
2015-01-03 20:13:22,123 - Using logger class org.apache.velocity.runtime.log.SimpleLog4JLogSystem
2015-01-03 20:13:22,139 - Default ResourceManager initializing. (class org.apache.velocity.runtime.resource.ResourceManagerImpl)
2015-01-03 20:13:22,154 - Resource Loader Instantiated: org.apache.velocity.runtime.resource.loader.ClasspathResourceLoader
2015-01-03 20:13:22,154 - ClasspathResourceLoader : initialization starting.
2015-01-03 20:13:22,154 - ClasspathResourceLoader : initialization complete.
2015-01-03 20:13:22,170 - ResourceCache : initialized. (class org.apache.velocity.runtime.resource.ResourceCacheImpl)
2015-01-03 20:13:22,170 - Default ResourceManager initialization complete.
2015-01-03 20:13:22,170 - Loaded System Directive: org.apache.velocity.runtime.directive.Literal
2015-01-03 20:13:22,185 - Loaded System Directive: org.apache.velocity.runtime.directive.Macro
2015-01-03 20:13:22,201 - Loaded System Directive: org.apache.velocity.runtime.directive.Parse
2015-01-03 20:13:22,201 - Loaded System Directive: org.apache.velocity.runtime.directive.Include
2015-01-03 20:13:22,217 - Loaded System Directive: org.apache.velocity.runtime.directive.Foreach
2015-01-03 20:13:22,342 - Created: 20 parsers.
2015-01-03 20:13:22,389 - Velocimacro : initialization starting.
2015-01-03 20:13:22,389 - Velocimacro : adding VMs from VM library template : VM_global_library.vm
2015-01-03 20:13:22,404 - ResourceManager : unable to find resource 'VM_global_library.vm' in any resource loader.
2015-01-03 20:13:22,404 - Velocimacro : error using  VM library template VM_global_library.vm : org.apache.velocity.exception.ResourceNotFoundException: Unable to find resource 'VM_global_library.vm'
2015-01-03 20:13:22,404 - Velocimacro :  VM library template macro registration complete.
2015-01-03 20:13:22,404 - Velocimacro : allowInline = true : VMs can be defined inline in templates
2015-01-03 20:13:22,404 - Velocimacro : allowInlineToOverride = false : VMs defined inline may NOT replace previous VM definitions
2015-01-03 20:13:22,404 - Velocimacro : allowInlineLocal = false : VMs defined inline will be  global in scope if allowed.
2015-01-03 20:13:22,404 - Velocimacro : messages on  : VM system will output logging messages
2015-01-03 20:13:22,404 - Velocimacro : autoload off  : VM system will not automatically reload global library macros
2015-01-03 20:13:22,404 - Velocimacro : initialization complete.
2015-01-03 20:13:22,404 - Velocity successfully started.
2015-01-03 20:57:10,756 - SimpleLog4JLogSystem initialized using logfile 'velocity.log'
2015-01-03 20:57:10,756 - ************************************************************** 
2015-01-03 20:57:10,756 - Starting Jakarta Velocity v1.4
2015-01-03 20:57:10,756 - RuntimeInstance initializing.
2015-01-03 20:57:10,756 - Default Properties File: org\apache\velocity\runtime\defaults\velocity.properties
2015-01-03 20:57:10,756 - Trying to use logger class org.apache.velocity.runtime.log.SimpleLog4JLogSystem
2015-01-03 20:57:10,756 - Using logger class org.apache.velocity.runtime.log.SimpleLog4JLogSystem
2015-01-03 20:57:10,771 - Default ResourceManager initializing. (class org.apache.velocity.runtime.resource.ResourceManagerImpl)
2015-01-03 20:57:10,787 - Resource Loader Instantiated: org.apache.velocity.runtime.resource.loader.ClasspathResourceLoader
2015-01-03 20:57:10,787 - ClasspathResourceLoader : initialization starting.
2015-01-03 20:57:10,787 - ClasspathResourceLoader : initialization complete.
2015-01-03 20:57:10,803 - ResourceCache : initialized. (class org.apache.velocity.runtime.resource.ResourceCacheImpl)
2015-01-03 20:57:10,803 - Default ResourceManager initialization complete.
2015-01-03 20:57:10,818 - Loaded System Directive: org.apache.velocity.runtime.directive.Literal
2015-01-03 20:57:10,818 - Loaded System Directive: org.apache.velocity.runtime.directive.Macro
2015-01-03 20:57:10,834 - Loaded System Directive: org.apache.velocity.runtime.directive.Parse
2015-01-03 20:57:10,834 - Loaded System Directive: org.apache.velocity.runtime.directive.Include
2015-01-03 20:57:10,850 - Loaded System Directive: org.apache.velocity.runtime.directive.Foreach
2015-01-03 20:57:10,943 - Created: 20 parsers.
2015-01-03 20:57:10,990 - Velocimacro : initialization starting.
2015-01-03 20:57:10,990 - Velocimacro : adding VMs from VM library template : VM_global_library.vm
2015-01-03 20:57:11,006 - ResourceManager : unable to find resource 'VM_global_library.vm' in any resource loader.
2015-01-03 20:57:11,006 - Velocimacro : error using  VM library template VM_global_library.vm : org.apache.velocity.exception.ResourceNotFoundException: Unable to find resource 'VM_global_library.vm'
2015-01-03 20:57:11,006 - Velocimacro :  VM library template macro registration complete.
2015-01-03 20:57:11,006 - Velocimacro : allowInline = true : VMs can be defined inline in templates
2015-01-03 20:57:11,006 - Velocimacro : allowInlineToOverride = false : VMs defined inline may NOT replace previous VM definitions
2015-01-03 20:57:11,006 - Velocimacro : allowInlineLocal = false : VMs defined inline will be  global in scope if allowed.
2015-01-03 20:57:11,006 - Velocimacro : messages on  : VM system will output logging messages
2015-01-03 20:57:11,006 - Velocimacro : autoload off  : VM system will not automatically reload global library macros
2015-01-03 20:57:11,006 - Velocimacro : initialization complete.
2015-01-03 20:57:11,006 - Velocity successfully started.
2015-01-03 20:58:18,903 - SimpleLog4JLogSystem initialized using logfile 'velocity.log'
2015-01-03 20:58:18,903 - ************************************************************** 
2015-01-03 20:58:18,903 - Starting Jakarta Velocity v1.4
2015-01-03 20:58:18,903 - RuntimeInstance initializing.
2015-01-03 20:58:18,903 - Default Properties File: org\apache\velocity\runtime\defaults\velocity.properties
2015-01-03 20:58:18,903 - Trying to use logger class org.apache.velocity.runtime.log.SimpleLog4JLogSystem
2015-01-03 20:58:18,903 - Using logger class org.apache.velocity.runtime.log.SimpleLog4JLogSystem
2015-01-03 20:58:18,918 - Default ResourceManager initializing. (class org.apache.velocity.runtime.resource.ResourceManagerImpl)
2015-01-03 20:58:18,934 - Resource Loader Instantiated: org.apache.velocity.runtime.resource.loader.ClasspathResourceLoader
2015-01-03 20:58:18,934 - ClasspathResourceLoader : initialization starting.
2015-01-03 20:58:18,934 - ClasspathResourceLoader : initialization complete.
2015-01-03 20:58:18,934 - ResourceCache : initialized. (class org.apache.velocity.runtime.resource.ResourceCacheImpl)
2015-01-03 20:58:18,934 - Default ResourceManager initialization complete.
2015-01-03 20:58:18,949 - Loaded System Directive: org.apache.velocity.runtime.directive.Literal
2015-01-03 20:58:18,965 - Loaded System Directive: org.apache.velocity.runtime.directive.Macro
2015-01-03 20:58:18,965 - Loaded System Directive: org.apache.velocity.runtime.directive.Parse
2015-01-03 20:58:18,981 - Loaded System Directive: org.apache.velocity.runtime.directive.Include
2015-01-03 20:58:18,981 - Loaded System Directive: org.apache.velocity.runtime.directive.Foreach
2015-01-03 20:58:19,090 - Created: 20 parsers.
2015-01-03 20:58:19,121 - Velocimacro : initialization starting.
2015-01-03 20:58:19,121 - Velocimacro : adding VMs from VM library template : VM_global_library.vm
2015-01-03 20:58:19,137 - ResourceManager : unable to find resource 'VM_global_library.vm' in any resource loader.
2015-01-03 20:58:19,137 - Velocimacro : error using  VM library template VM_global_library.vm : org.apache.velocity.exception.ResourceNotFoundException: Unable to find resource 'VM_global_library.vm'
2015-01-03 20:58:19,137 - Velocimacro :  VM library template macro registration complete.
2015-01-03 20:58:19,137 - Velocimacro : allowInline = true : VMs can be defined inline in templates
2015-01-03 20:58:19,137 - Velocimacro : allowInlineToOverride = false : VMs defined inline may NOT replace previous VM definitions
2015-01-03 20:58:19,137 - Velocimacro : allowInlineLocal = false : VMs defined inline will be  global in scope if allowed.
2015-01-03 20:58:19,137 - Velocimacro : messages on  : VM system will output logging messages
2015-01-03 20:58:19,137 - Velocimacro : autoload off  : VM system will not automatically reload global library macros
2015-01-03 20:58:19,137 - Velocimacro : initialization complete.
2015-01-03 20:58:19,137 - Velocity successfully started.
2015-01-03 21:00:34,495 - SimpleLog4JLogSystem initialized using logfile 'velocity.log'
2015-01-03 21:00:34,511 - ************************************************************** 
2015-01-03 21:00:34,511 - Starting Jakarta Velocity v1.4
2015-01-03 21:00:34,511 - RuntimeInstance initializing.
2015-01-03 21:00:34,511 - Default Properties File: org\apache\velocity\runtime\defaults\velocity.properties
2015-01-03 21:00:34,511 - Trying to use logger class org.apache.velocity.runtime.log.SimpleLog4JLogSystem
2015-01-03 21:00:34,511 - Using logger class org.apache.velocity.runtime.log.SimpleLog4JLogSystem
2015-01-03 21:00:34,511 - Default ResourceManager initializing. (class org.apache.velocity.runtime.resource.ResourceManagerImpl)
2015-01-03 21:00:34,526 - Resource Loader Instantiated: org.apache.velocity.runtime.resource.loader.ClasspathResourceLoader
2015-01-03 21:00:34,526 - ClasspathResourceLoader : initialization starting.
2015-01-03 21:00:34,526 - ClasspathResourceLoader : initialization complete.
2015-01-03 21:00:34,526 - ResourceCache : initialized. (class org.apache.velocity.runtime.resource.ResourceCacheImpl)
2015-01-03 21:00:34,526 - Default ResourceManager initialization complete.
2015-01-03 21:00:34,542 - Loaded System Directive: org.apache.velocity.runtime.directive.Literal
2015-01-03 21:00:34,558 - Loaded System Directive: org.apache.velocity.runtime.directive.Macro
2015-01-03 21:00:34,558 - Loaded System Directive: org.apache.velocity.runtime.directive.Parse
2015-01-03 21:00:34,573 - Loaded System Directive: org.apache.velocity.runtime.directive.Include
2015-01-03 21:00:34,573 - Loaded System Directive: org.apache.velocity.runtime.directive.Foreach
2015-01-03 21:00:34,667 - Created: 20 parsers.
2015-01-03 21:00:34,698 - Velocimacro : initialization starting.
2015-01-03 21:00:34,698 - Velocimacro : adding VMs from VM library template : VM_global_library.vm
2015-01-03 21:00:34,714 - ResourceManager : unable to find resource 'VM_global_library.vm' in any resource loader.
2015-01-03 21:00:34,714 - Velocimacro : error using  VM library template VM_global_library.vm : org.apache.velocity.exception.ResourceNotFoundException: Unable to find resource 'VM_global_library.vm'
2015-01-03 21:00:34,714 - Velocimacro :  VM library template macro registration complete.
2015-01-03 21:00:34,714 - Velocimacro : allowInline = true : VMs can be defined inline in templates
2015-01-03 21:00:34,714 - Velocimacro : allowInlineToOverride = false : VMs defined inline may NOT replace previous VM definitions
2015-01-03 21:00:34,714 - Velocimacro : allowInlineLocal = false : VMs defined inline will be  global in scope if allowed.
2015-01-03 21:00:34,729 - Velocimacro : messages on  : VM system will output logging messages
2015-01-03 21:00:34,729 - Velocimacro : autoload off  : VM system will not automatically reload global library macros
2015-01-03 21:00:34,729 - Velocimacro : initialization complete.
2015-01-03 21:00:34,729 - Velocity successfully started.
2015-01-03 21:03:14,290 - SimpleLog4JLogSystem initialized using logfile 'velocity.log'
2015-01-03 21:03:14,290 - ************************************************************** 
2015-01-03 21:03:14,290 - Starting Jakarta Velocity v1.4
2015-01-03 21:03:14,290 - RuntimeInstance initializing.
2015-01-03 21:03:14,290 - Default Properties File: org\apache\velocity\runtime\defaults\velocity.properties
2015-01-03 21:03:14,290 - Trying to use logger class org.apache.velocity.runtime.log.SimpleLog4JLogSystem
2015-01-03 21:03:14,290 - Using logger class org.apache.velocity.runtime.log.SimpleLog4JLogSystem
2015-01-03 21:03:14,305 - Default ResourceManager initializing. (class org.apache.velocity.runtime.resource.ResourceManagerImpl)
2015-01-03 21:03:14,321 - Resource Loader Instantiated: org.apache.velocity.runtime.resource.loader.ClasspathResourceLoader
2015-01-03 21:03:14,321 - ClasspathResourceLoader : initialization starting.
2015-01-03 21:03:14,321 - ClasspathResourceLoader : initialization complete.
2015-01-03 21:03:14,321 - ResourceCache : initialized. (class org.apache.velocity.runtime.resource.ResourceCacheImpl)
2015-01-03 21:03:14,321 - Default ResourceManager initialization complete.
2015-01-03 21:03:14,336 - Loaded System Directive: org.apache.velocity.runtime.directive.Literal
2015-01-03 21:03:14,336 - Loaded System Directive: org.apache.velocity.runtime.directive.Macro
2015-01-03 21:03:14,352 - Loaded System Directive: org.apache.velocity.runtime.directive.Parse
2015-01-03 21:03:14,352 - Loaded System Directive: org.apache.velocity.runtime.directive.Include
2015-01-03 21:03:14,368 - Loaded System Directive: org.apache.velocity.runtime.directive.Foreach
2015-01-03 21:03:14,461 - Created: 20 parsers.
2015-01-03 21:03:14,493 - Velocimacro : initialization starting.
2015-01-03 21:03:14,493 - Velocimacro : adding VMs from VM library template : VM_global_library.vm
2015-01-03 21:03:14,508 - ResourceManager : unable to find resource 'VM_global_library.vm' in any resource loader.
2015-01-03 21:03:14,508 - Velocimacro : error using  VM library template VM_global_library.vm : org.apache.velocity.exception.ResourceNotFoundException: Unable to find resource 'VM_global_library.vm'
2015-01-03 21:03:14,508 - Velocimacro :  VM library template macro registration complete.
2015-01-03 21:03:14,508 - Velocimacro : allowInline = true : VMs can be defined inline in templates
2015-01-03 21:03:14,508 - Velocimacro : allowInlineToOverride = false : VMs defined inline may NOT replace previous VM definitions
2015-01-03 21:03:14,508 - Velocimacro : allowInlineLocal = false : VMs defined inline will be  global in scope if allowed.
2015-01-03 21:03:14,508 - Velocimacro : messages on  : VM system will output logging messages
2015-01-03 21:03:14,508 - Velocimacro : autoload off  : VM system will not automatically reload global library macros
2015-01-03 21:03:14,508 - Velocimacro : initialization complete.
2015-01-03 21:03:14,508 - Velocity successfully started.
2015-01-03 21:06:20,189 - SimpleLog4JLogSystem initialized using logfile 'velocity.log'
2015-01-03 21:06:20,189 - ************************************************************** 
2015-01-03 21:06:20,189 - Starting Jakarta Velocity v1.4
2015-01-03 21:06:20,189 - RuntimeInstance initializing.
2015-01-03 21:06:20,189 - Default Properties File: org\apache\velocity\runtime\defaults\velocity.properties
2015-01-03 21:06:20,205 - Trying to use logger class org.apache.velocity.runtime.log.SimpleLog4JLogSystem
2015-01-03 21:06:20,205 - Using logger class org.apache.velocity.runtime.log.SimpleLog4JLogSystem
2015-01-03 21:06:20,220 - Default ResourceManager initializing. (class org.apache.velocity.runtime.resource.ResourceManagerImpl)
2015-01-03 21:06:20,236 - Resource Loader Instantiated: org.apache.velocity.runtime.resource.loader.ClasspathResourceLoader
2015-01-03 21:06:20,236 - ClasspathResourceLoader : initialization starting.
2015-01-03 21:06:20,236 - ClasspathResourceLoader : initialization complete.
2015-01-03 21:06:20,236 - ResourceCache : initialized. (class org.apache.velocity.runtime.resource.ResourceCacheImpl)
2015-01-03 21:06:20,236 - Default ResourceManager initialization complete.
2015-01-03 21:06:20,252 - Loaded System Directive: org.apache.velocity.runtime.directive.Literal
2015-01-03 21:06:20,252 - Loaded System Directive: org.apache.velocity.runtime.directive.Macro
2015-01-03 21:06:20,267 - Loaded System Directive: org.apache.velocity.runtime.directive.Parse
2015-01-03 21:06:20,283 - Loaded System Directive: org.apache.velocity.runtime.directive.Include
2015-01-03 21:06:20,283 - Loaded System Directive: org.apache.velocity.runtime.directive.Foreach
2015-01-03 21:06:20,361 - Created: 20 parsers.
2015-01-03 21:06:20,392 - Velocimacro : initialization starting.
2015-01-03 21:06:20,392 - Velocimacro : adding VMs from VM library template : VM_global_library.vm
2015-01-03 21:06:20,408 - ResourceManager : unable to find resource 'VM_global_library.vm' in any resource loader.
2015-01-03 21:06:20,408 - Velocimacro : error using  VM library template VM_global_library.vm : org.apache.velocity.exception.ResourceNotFoundException: Unable to find resource 'VM_global_library.vm'
2015-01-03 21:06:20,408 - Velocimacro :  VM library template macro registration complete.
2015-01-03 21:06:20,408 - Velocimacro : allowInline = true : VMs can be defined inline in templates
2015-01-03 21:06:20,408 - Velocimacro : allowInlineToOverride = false : VMs defined inline may NOT replace previous VM definitions
2015-01-03 21:06:20,408 - Velocimacro : allowInlineLocal = false : VMs defined inline will be  global in scope if allowed.
2015-01-03 21:06:20,408 - Velocimacro : messages on  : VM system will output logging messages
2015-01-03 21:06:20,408 - Velocimacro : autoload off  : VM system will not automatically reload global library macros
2015-01-03 21:06:20,408 - Velocimacro : initialization complete.
2015-01-03 21:06:20,408 - Velocity successfully started.
2015-01-04 12:41:35,024 - SimpleLog4JLogSystem initialized using logfile 'velocity.log'
2015-01-04 12:41:35,024 - ************************************************************** 
2015-01-04 12:41:35,024 - Starting Jakarta Velocity v1.4
2015-01-04 12:41:35,024 - RuntimeInstance initializing.
2015-01-04 12:41:35,024 - Default Properties File: org\apache\velocity\runtime\defaults\velocity.properties
2015-01-04 12:41:35,024 - Trying to use logger class org.apache.velocity.runtime.log.SimpleLog4JLogSystem
2015-01-04 12:41:35,024 - Using logger class org.apache.velocity.runtime.log.SimpleLog4JLogSystem
2015-01-04 12:41:35,039 - Default ResourceManager initializing. (class org.apache.velocity.runtime.resource.ResourceManagerImpl)
2015-01-04 12:41:35,055 - Resource Loader Instantiated: org.apache.velocity.runtime.resource.loader.ClasspathResourceLoader
2015-01-04 12:41:35,055 - ClasspathResourceLoader : initialization starting.
2015-01-04 12:41:35,055 - ClasspathResourceLoader : initialization complete.
2015-01-04 12:41:35,070 - ResourceCache : initialized. (class org.apache.velocity.runtime.resource.ResourceCacheImpl)
2015-01-04 12:41:35,070 - Default ResourceManager initialization complete.
2015-01-04 12:41:35,070 - Loaded System Directive: org.apache.velocity.runtime.directive.Literal
2015-01-04 12:41:35,086 - Loaded System Directive: org.apache.velocity.runtime.directive.Macro
2015-01-04 12:41:35,102 - Loaded System Directive: org.apache.velocity.runtime.directive.Parse
2015-01-04 12:41:35,102 - Loaded System Directive: org.apache.velocity.runtime.directive.Include
2015-01-04 12:41:35,117 - Loaded System Directive: org.apache.velocity.runtime.directive.Foreach
2015-01-04 12:41:35,227 - Created: 20 parsers.
2015-01-04 12:41:35,258 - Velocimacro : initialization starting.
2015-01-04 12:41:35,258 - Velocimacro : adding VMs from VM library template : VM_global_library.vm
2015-01-04 12:41:35,274 - ResourceManager : unable to find resource 'VM_global_library.vm' in any resource loader.
2015-01-04 12:41:35,274 - Velocimacro : error using  VM library template VM_global_library.vm : org.apache.velocity.exception.ResourceNotFoundException: Unable to find resource 'VM_global_library.vm'
2015-01-04 12:41:35,274 - Velocimacro :  VM library template macro registration complete.
2015-01-04 12:41:35,274 - Velocimacro : allowInline = true : VMs can be defined inline in templates
2015-01-04 12:41:35,274 - Velocimacro : allowInlineToOverride = false : VMs defined inline may NOT replace previous VM definitions
2015-01-04 12:41:35,274 - Velocimacro : allowInlineLocal = false : VMs defined inline will be  global in scope if allowed.
2015-01-04 12:41:35,274 - Velocimacro : messages on  : VM system will output logging messages
2015-01-04 12:41:35,274 - Velocimacro : autoload off  : VM system will not automatically reload global library macros
2015-01-04 12:41:35,274 - Velocimacro : initialization complete.
2015-01-04 12:41:35,274 - Velocity successfully started.
2015-01-04 13:07:09,411 - SimpleLog4JLogSystem initialized using logfile 'velocity.log'
2015-01-04 13:07:09,426 - ************************************************************** 
2015-01-04 13:07:09,426 - Starting Jakarta Velocity v1.4
2015-01-04 13:07:09,426 - RuntimeInstance initializing.
2015-01-04 13:07:09,426 - Default Properties File: org\apache\velocity\runtime\defaults\velocity.properties
2015-01-04 13:07:09,426 - Trying to use logger class org.apache.velocity.runtime.log.SimpleLog4JLogSystem
2015-01-04 13:07:09,426 - Using logger class org.apache.velocity.runtime.log.SimpleLog4JLogSystem
2015-01-04 13:07:09,426 - Default ResourceManager initializing. (class org.apache.velocity.runtime.resource.ResourceManagerImpl)
2015-01-04 13:07:09,442 - Resource Loader Instantiated: org.apache.velocity.runtime.resource.loader.ClasspathResourceLoader
2015-01-04 13:07:09,442 - ClasspathResourceLoader : initialization starting.
2015-01-04 13:07:09,442 - ClasspathResourceLoader : initialization complete.
2015-01-04 13:07:09,457 - ResourceCache : initialized. (class org.apache.velocity.runtime.resource.ResourceCacheImpl)
2015-01-04 13:07:09,457 - Default ResourceManager initialization complete.
2015-01-04 13:07:09,473 - Loaded System Directive: org.apache.velocity.runtime.directive.Literal
2015-01-04 13:07:09,489 - Loaded System Directive: org.apache.velocity.runtime.directive.Macro
2015-01-04 13:07:09,489 - Loaded System Directive: org.apache.velocity.runtime.directive.Parse
2015-01-04 13:07:09,504 - Loaded System Directive: org.apache.velocity.runtime.directive.Include
2015-01-04 13:07:09,504 - Loaded System Directive: org.apache.velocity.runtime.directive.Foreach
2015-01-04 13:07:09,598 - Created: 20 parsers.
2015-01-04 13:07:09,629 - Velocimacro : initialization starting.
2015-01-04 13:07:09,629 - Velocimacro : adding VMs from VM library template : VM_global_library.vm
2015-01-04 13:07:09,645 - ResourceManager : unable to find resource 'VM_global_library.vm' in any resource loader.
2015-01-04 13:07:09,645 - Velocimacro : error using  VM library template VM_global_library.vm : org.apache.velocity.exception.ResourceNotFoundException: Unable to find resource 'VM_global_library.vm'
2015-01-04 13:07:09,645 - Velocimacro :  VM library template macro registration complete.
2015-01-04 13:07:09,645 - Velocimacro : allowInline = true : VMs can be defined inline in templates
2015-01-04 13:07:09,645 - Velocimacro : allowInlineToOverride = false : VMs defined inline may NOT replace previous VM definitions
2015-01-04 13:07:09,645 - Velocimacro : allowInlineLocal = false : VMs defined inline will be  global in scope if allowed.
2015-01-04 13:07:09,645 - Velocimacro : messages on  : VM system will output logging messages
2015-01-04 13:07:09,645 - Velocimacro : autoload off  : VM system will not automatically reload global library macros
2015-01-04 13:07:09,645 - Velocimacro : initialization complete.
2015-01-04 13:07:09,645 - Velocity successfully started.
2015-01-04 13:08:54,193 - SimpleLog4JLogSystem initialized using logfile 'velocity.log'
2015-01-04 13:08:54,193 - ************************************************************** 
2015-01-04 13:08:54,193 - Starting Jakarta Velocity v1.4
2015-01-04 13:08:54,193 - RuntimeInstance initializing.
2015-01-04 13:08:54,193 - Default Properties File: org\apache\velocity\runtime\defaults\velocity.properties
2015-01-04 13:08:54,193 - Trying to use logger class org.apache.velocity.runtime.log.SimpleLog4JLogSystem
2015-01-04 13:08:54,193 - Using logger class org.apache.velocity.runtime.log.SimpleLog4JLogSystem
2015-01-04 13:08:54,209 - Default ResourceManager initializing. (class org.apache.velocity.runtime.resource.ResourceManagerImpl)
2015-01-04 13:08:54,225 - Resource Loader Instantiated: org.apache.velocity.runtime.resource.loader.ClasspathResourceLoader
2015-01-04 13:08:54,225 - ClasspathResourceLoader : initialization starting.
2015-01-04 13:08:54,225 - ClasspathResourceLoader : initialization complete.
2015-01-04 13:08:54,225 - ResourceCache : initialized. (class org.apache.velocity.runtime.resource.ResourceCacheImpl)
2015-01-04 13:08:54,225 - Default ResourceManager initialization complete.
2015-01-04 13:08:54,240 - Loaded System Directive: org.apache.velocity.runtime.directive.Literal
2015-01-04 13:08:54,240 - Loaded System Directive: org.apache.velocity.runtime.directive.Macro
2015-01-04 13:08:54,256 - Loaded System Directive: org.apache.velocity.runtime.directive.Parse
2015-01-04 13:08:54,256 - Loaded System Directive: org.apache.velocity.runtime.directive.Include
2015-01-04 13:08:54,256 - Loaded System Directive: org.apache.velocity.runtime.directive.Foreach
2015-01-04 13:08:54,350 - Created: 20 parsers.
2015-01-04 13:08:54,381 - Velocimacro : initialization starting.
2015-01-04 13:08:54,381 - Velocimacro : adding VMs from VM library template : VM_global_library.vm
2015-01-04 13:08:54,396 - ResourceManager : unable to find resource 'VM_global_library.vm' in any resource loader.
2015-01-04 13:08:54,396 - Velocimacro : error using  VM library template VM_global_library.vm : org.apache.velocity.exception.ResourceNotFoundException: Unable to find resource 'VM_global_library.vm'
2015-01-04 13:08:54,396 - Velocimacro :  VM library template macro registration complete.
2015-01-04 13:08:54,396 - Velocimacro : allowInline = true : VMs can be defined inline in templates
2015-01-04 13:08:54,396 - Velocimacro : allowInlineToOverride = false : VMs defined inline may NOT replace previous VM definitions
2015-01-04 13:08:54,396 - Velocimacro : allowInlineLocal = false : VMs defined inline will be  global in scope if allowed.
2015-01-04 13:08:54,396 - Velocimacro : messages on  : VM system will output logging messages
2015-01-04 13:08:54,396 - Velocimacro : autoload off  : VM system will not automatically reload global library macros
2015-01-04 13:08:54,396 - Velocimacro : initialization complete.
2015-01-04 13:08:54,396 - Velocity successfully started.
2015-01-04 19:37:55,538 - SimpleLog4JLogSystem initialized using logfile 'velocity.log'
2015-01-04 19:37:55,539 - ************************************************************** 
2015-01-04 19:37:55,539 - Starting Jakarta Velocity v1.4
2015-01-04 19:37:55,539 - RuntimeInstance initializing.
2015-01-04 19:37:55,539 - Default Properties File: org\apache\velocity\runtime\defaults\velocity.properties
2015-01-04 19:37:55,539 - Trying to use logger class org.apache.velocity.runtime.log.SimpleLog4JLogSystem
2015-01-04 19:37:55,539 - Using logger class org.apache.velocity.runtime.log.SimpleLog4JLogSystem
2015-01-04 19:37:55,546 - Default ResourceManager initializing. (class org.apache.velocity.runtime.resource.ResourceManagerImpl)
2015-01-04 19:37:55,553 - Resource Loader Instantiated: org.apache.velocity.runtime.resource.loader.ClasspathResourceLoader
2015-01-04 19:37:55,553 - ClasspathResourceLoader : initialization starting.
2015-01-04 19:37:55,553 - ClasspathResourceLoader : initialization complete.
2015-01-04 19:37:55,558 - ResourceCache : initialized. (class org.apache.velocity.runtime.resource.ResourceCacheImpl)
2015-01-04 19:37:55,558 - Default ResourceManager initialization complete.
2015-01-04 19:37:55,563 - Loaded System Directive: org.apache.velocity.runtime.directive.Literal
2015-01-04 19:37:55,567 - Loaded System Directive: org.apache.velocity.runtime.directive.Macro
2015-01-04 19:37:55,571 - Loaded System Directive: org.apache.velocity.runtime.directive.Parse
2015-01-04 19:37:55,574 - Loaded System Directive: org.apache.velocity.runtime.directive.Include
2015-01-04 19:37:55,575 - Loaded System Directive: org.apache.velocity.runtime.directive.Foreach
2015-01-04 19:37:55,612 - Created: 20 parsers.
2015-01-04 19:37:55,623 - Velocimacro : initialization starting.
2015-01-04 19:37:55,623 - Velocimacro : adding VMs from VM library template : VM_global_library.vm
2015-01-04 19:37:55,629 - ResourceManager : unable to find resource 'VM_global_library.vm' in any resource loader.
2015-01-04 19:37:55,629 - Velocimacro : error using  VM library template VM_global_library.vm : org.apache.velocity.exception.ResourceNotFoundException: Unable to find resource 'VM_global_library.vm'
2015-01-04 19:37:55,629 - Velocimacro :  VM library template macro registration complete.
2015-01-04 19:37:55,629 - Velocimacro : allowInline = true : VMs can be defined inline in templates
2015-01-04 19:37:55,629 - Velocimacro : allowInlineToOverride = false : VMs defined inline may NOT replace previous VM definitions
2015-01-04 19:37:55,629 - Velocimacro : allowInlineLocal = false : VMs defined inline will be  global in scope if allowed.
2015-01-04 19:37:55,629 - Velocimacro : messages on  : VM system will output logging messages
2015-01-04 19:37:55,629 - Velocimacro : autoload off  : VM system will not automatically reload global library macros
2015-01-04 19:37:55,629 - Velocimacro : initialization complete.
2015-01-04 19:37:55,629 - Velocity successfully started.
2015-01-04 21:34:41,229 - SimpleLog4JLogSystem initialized using logfile 'velocity.log'
2015-01-04 21:34:41,231 - ************************************************************** 
2015-01-04 21:34:41,231 - Starting Jakarta Velocity v1.4
2015-01-04 21:34:41,231 - RuntimeInstance initializing.
2015-01-04 21:34:41,231 - Default Properties File: org\apache\velocity\runtime\defaults\velocity.properties
2015-01-04 21:34:41,231 - Trying to use logger class org.apache.velocity.runtime.log.SimpleLog4JLogSystem
2015-01-04 21:34:41,232 - Using logger class org.apache.velocity.runtime.log.SimpleLog4JLogSystem
2015-01-04 21:34:41,270 - Default ResourceManager initializing. (class org.apache.velocity.runtime.resource.ResourceManagerImpl)
2015-01-04 21:34:41,298 - Resource Loader Instantiated: org.apache.velocity.runtime.resource.loader.ClasspathResourceLoader
2015-01-04 21:34:41,298 - ClasspathResourceLoader : initialization starting.
2015-01-04 21:34:41,298 - ClasspathResourceLoader : initialization complete.
2015-01-04 21:34:41,323 - ResourceCache : initialized. (class org.apache.velocity.runtime.resource.ResourceCacheImpl)
2015-01-04 21:34:41,324 - Default ResourceManager initialization complete.
2015-01-04 21:34:41,341 - Loaded System Directive: org.apache.velocity.runtime.directive.Literal
2015-01-04 21:34:41,356 - Loaded System Directive: org.apache.velocity.runtime.directive.Macro
2015-01-04 21:34:41,379 - Loaded System Directive: org.apache.velocity.runtime.directive.Parse
2015-01-04 21:34:41,391 - Loaded System Directive: org.apache.velocity.runtime.directive.Include
2015-01-04 21:34:41,400 - Loaded System Directive: org.apache.velocity.runtime.directive.Foreach
2015-01-04 21:34:41,540 - Created: 20 parsers.
2015-01-04 21:34:41,588 - Velocimacro : initialization starting.
2015-01-04 21:34:41,589 - Velocimacro : adding VMs from VM library template : VM_global_library.vm
2015-01-04 21:34:41,610 - ResourceManager : unable to find resource 'VM_global_library.vm' in any resource loader.
2015-01-04 21:34:41,611 - Velocimacro : error using  VM library template VM_global_library.vm : org.apache.velocity.exception.ResourceNotFoundException: Unable to find resource 'VM_global_library.vm'
2015-01-04 21:34:41,612 - Velocimacro :  VM library template macro registration complete.
2015-01-04 21:34:41,612 - Velocimacro : allowInline = true : VMs can be defined inline in templates
2015-01-04 21:34:41,612 - Velocimacro : allowInlineToOverride = false : VMs defined inline may NOT replace previous VM definitions
2015-01-04 21:34:41,612 - Velocimacro : allowInlineLocal = false : VMs defined inline will be  global in scope if allowed.
2015-01-04 21:34:41,613 - Velocimacro : messages on  : VM system will output logging messages
2015-01-04 21:34:41,613 - Velocimacro : autoload off  : VM system will not automatically reload global library macros
2015-01-04 21:34:41,613 - Velocimacro : initialization complete.
2015-01-04 21:34:41,613 - Velocity successfully started.
2015-01-04 22:03:29,277 - SimpleLog4JLogSystem initialized using logfile 'velocity.log'
2015-01-04 22:03:29,277 - ************************************************************** 
2015-01-04 22:03:29,277 - Starting Jakarta Velocity v1.4
2015-01-04 22:03:29,277 - RuntimeInstance initializing.
2015-01-04 22:03:29,277 - Default Properties File: org\apache\velocity\runtime\defaults\velocity.properties
2015-01-04 22:03:29,277 - Trying to use logger class org.apache.velocity.runtime.log.SimpleLog4JLogSystem
2015-01-04 22:03:29,277 - Using logger class org.apache.velocity.runtime.log.SimpleLog4JLogSystem
2015-01-04 22:03:29,292 - Default ResourceManager initializing. (class org.apache.velocity.runtime.resource.ResourceManagerImpl)
2015-01-04 22:03:29,308 - Resource Loader Instantiated: org.apache.velocity.runtime.resource.loader.ClasspathResourceLoader
2015-01-04 22:03:29,308 - ClasspathResourceLoader : initialization starting.
2015-01-04 22:03:29,308 - ClasspathResourceLoader : initialization complete.
2015-01-04 22:03:29,308 - ResourceCache : initialized. (class org.apache.velocity.runtime.resource.ResourceCacheImpl)
2015-01-04 22:03:29,308 - Default ResourceManager initialization complete.
2015-01-04 22:03:29,324 - Loaded System Directive: org.apache.velocity.runtime.directive.Literal
2015-01-04 22:03:29,324 - Loaded System Directive: org.apache.velocity.runtime.directive.Macro
2015-01-04 22:03:29,324 - Loaded System Directive: org.apache.velocity.runtime.directive.Parse
2015-01-04 22:03:29,339 - Loaded System Directive: org.apache.velocity.runtime.directive.Include
2015-01-04 22:03:29,339 - Loaded System Directive: org.apache.velocity.runtime.directive.Foreach
2015-01-04 22:03:29,417 - Created: 20 parsers.
2015-01-04 22:03:29,448 - Velocimacro : initialization starting.
2015-01-04 22:03:29,448 - Velocimacro : adding VMs from VM library template : VM_global_library.vm
2015-01-04 22:03:29,448 - ResourceManager : unable to find resource 'VM_global_library.vm' in any resource loader.
2015-01-04 22:03:29,448 - Velocimacro : error using  VM library template VM_global_library.vm : org.apache.velocity.exception.ResourceNotFoundException: Unable to find resource 'VM_global_library.vm'
2015-01-04 22:03:29,448 - Velocimacro :  VM library template macro registration complete.
2015-01-04 22:03:29,464 - Velocimacro : allowInline = true : VMs can be defined inline in templates
2015-01-04 22:03:29,464 - Velocimacro : allowInlineToOverride = false : VMs defined inline may NOT replace previous VM definitions
2015-01-04 22:03:29,464 - Velocimacro : allowInlineLocal = false : VMs defined inline will be  global in scope if allowed.
2015-01-04 22:03:29,464 - Velocimacro : messages on  : VM system will output logging messages
2015-01-04 22:03:29,464 - Velocimacro : autoload off  : VM system will not automatically reload global library macros
2015-01-04 22:03:29,464 - Velocimacro : initialization complete.
2015-01-04 22:03:29,464 - Velocity successfully started.
