2014-10-12 22:27:47,736 - Loaded System Directive: org.apache.velocity.runtime.directive.Parse
2014-10-12 22:27:47,736 - Loaded System Directive: org.apache.velocity.runtime.directive.Include
2014-10-12 22:27:47,752 - Loaded System Directive: org.apache.velocity.runtime.directive.Foreach
2014-10-12 22:27:47,892 - Created: 20 parsers.
2014-10-12 22:27:47,923 - Velocimacro : initialization starting.
2014-10-12 22:27:47,923 - Velocimacro : adding VMs from VM library template : VM_global_library.vm
2014-10-12 22:27:48,017 - ResourceManager : unable to find resource 'VM_global_library.vm' in any resource loader.
2014-10-12 22:27:48,017 - Velocimacro : error using  VM library template VM_global_library.vm : org.apache.velocity.exception.ResourceNotFoundException: Unable to find resource 'VM_global_library.vm'
2014-10-12 22:27:48,017 - Velocimacro :  VM library template macro registration complete.
2014-10-12 22:27:48,017 - Velocimacro : allowInline = true : VMs can be defined inline in templates
2014-10-12 22:27:48,017 - Velocimacro : allowInlineToOverride = false : VMs defined inline may NOT replace previous VM definitions
2014-10-12 22:27:48,017 - Velocimacro : allowInlineLocal = false : VMs defined inline will be  global in scope if allowed.
2014-10-12 22:27:48,017 - Velocimacro : messages on  : VM system will output logging messages
2014-10-12 22:27:48,017 - Velocimacro : autoload off  : VM system will not automatically reload global library macros
2014-10-12 22:27:48,017 - Velocimacro : initialization complete.
2014-10-12 22:27:48,017 - Velocity successfully started.
2014-10-12 22:30:50,036 - SimpleLog4JLogSystem initialized using logfile 'velocity.log'
2014-10-12 22:30:50,036 - ************************************************************** 
2014-10-12 22:30:50,036 - Starting Jakarta Velocity v1.4
2014-10-12 22:30:50,036 - RuntimeInstance initializing.
2014-10-12 22:30:50,052 - Default Properties File: org\apache\velocity\runtime\defaults\velocity.properties
2014-10-12 22:30:50,052 - Trying to use logger class org.apache.velocity.runtime.log.SimpleLog4JLogSystem
2014-10-12 22:30:50,052 - Using logger class org.apache.velocity.runtime.log.SimpleLog4JLogSystem
2014-10-12 22:30:50,052 - Default ResourceManager initializing. (class org.apache.velocity.runtime.resource.ResourceManagerImpl)
2014-10-12 22:30:50,067 - Resource Loader Instantiated: org.apache.velocity.runtime.resource.loader.ClasspathResourceLoader
2014-10-12 22:30:50,067 - ClasspathResourceLoader : initialization starting.
2014-10-12 22:30:50,067 - ClasspathResourceLoader : initialization complete.
2014-10-12 22:30:50,067 - ResourceCache : initialized. (class org.apache.velocity.runtime.resource.ResourceCacheImpl)
2014-10-12 22:30:50,083 - Default ResourceManager initialization complete.
2014-10-12 22:30:50,083 - Loaded System Directive: org.apache.velocity.runtime.directive.Literal
2014-10-12 22:30:50,083 - Loaded System Directive: org.apache.velocity.runtime.directive.Macro
2014-10-12 22:30:50,099 - Loaded System Directive: org.apache.velocity.runtime.directive.Parse
2014-10-12 22:30:50,114 - Loaded System Directive: org.apache.velocity.runtime.directive.Include
2014-10-12 22:30:50,114 - Loaded System Directive: org.apache.velocity.runtime.directive.Foreach
2014-10-12 22:30:50,208 - Created: 20 parsers.
2014-10-12 22:30:50,239 - Velocimacro : initialization starting.
2014-10-12 22:30:50,239 - Velocimacro : adding VMs from VM library template : VM_global_library.vm
2014-10-12 22:30:50,270 - ResourceManager : unable to find resource 'VM_global_library.vm' in any resource loader.
2014-10-12 22:30:50,270 - Velocimacro : error using  VM library template VM_global_library.vm : org.apache.velocity.exception.ResourceNotFoundException: Unable to find resource 'VM_global_library.vm'
2014-10-12 22:30:50,270 - Velocimacro :  VM library template macro registration complete.
2014-10-12 22:30:50,270 - Velocimacro : allowInline = true : VMs can be defined inline in templates
2014-10-12 22:30:50,270 - Velocimacro : allowInlineToOverride = false : VMs defined inline may NOT replace previous VM definitions
2014-10-12 22:30:50,270 - Velocimacro : allowInlineLocal = false : VMs defined inline will be  global in scope if allowed.
2014-10-12 22:30:50,270 - Velocimacro : messages on  : VM system will output logging messages
2014-10-12 22:30:50,270 - Velocimacro : autoload off  : VM system will not automatically reload global library macros
2014-10-12 22:30:50,270 - Velocimacro : initialization complete.
2014-10-12 22:30:50,270 - Velocity successfully started.
2014-10-12 22:33:30,928 - SimpleLog4JLogSystem initialized using logfile 'velocity.log'
2014-10-12 22:33:30,928 - ************************************************************** 
2014-10-12 22:33:30,928 - Starting Jakarta Velocity v1.4
2014-10-12 22:33:30,928 - RuntimeInstance initializing.
2014-10-12 22:33:30,928 - Default Properties File: org\apache\velocity\runtime\defaults\velocity.properties
2014-10-12 22:33:30,928 - Trying to use logger class org.apache.velocity.runtime.log.SimpleLog4JLogSystem
2014-10-12 22:33:30,928 - Using logger class org.apache.velocity.runtime.log.SimpleLog4JLogSystem
2014-10-12 22:33:30,944 - Default ResourceManager initializing. (class org.apache.velocity.runtime.resource.ResourceManagerImpl)
2014-10-12 22:33:30,944 - Resource Loader Instantiated: org.apache.velocity.runtime.resource.loader.ClasspathResourceLoader
2014-10-12 22:33:30,959 - ClasspathResourceLoader : initialization starting.
2014-10-12 22:33:30,959 - ClasspathResourceLoader : initialization complete.
2014-10-12 22:33:30,959 - ResourceCache : initialized. (class org.apache.velocity.runtime.resource.ResourceCacheImpl)
2014-10-12 22:33:30,959 - Default ResourceManager initialization complete.
2014-10-12 22:33:30,959 - Loaded System Directive: org.apache.velocity.runtime.directive.Literal
2014-10-12 22:33:30,975 - Loaded System Directive: org.apache.velocity.runtime.directive.Macro
2014-10-12 22:33:30,991 - Loaded System Directive: org.apache.velocity.runtime.directive.Parse
2014-10-12 22:33:30,991 - Loaded System Directive: org.apache.velocity.runtime.directive.Include
2014-10-12 22:33:30,991 - Loaded System Directive: org.apache.velocity.runtime.directive.Foreach
2014-10-12 22:33:31,084 - Created: 20 parsers.
2014-10-12 22:33:31,116 - Velocimacro : initialization starting.
2014-10-12 22:33:31,116 - Velocimacro : adding VMs from VM library template : VM_global_library.vm
2014-10-12 22:33:31,147 - ResourceManager : unable to find resource 'VM_global_library.vm' in any resource loader.
2014-10-12 22:33:31,147 - Velocimacro : error using  VM library template VM_global_library.vm : org.apache.velocity.exception.ResourceNotFoundException: Unable to find resource 'VM_global_library.vm'
2014-10-12 22:33:31,147 - Velocimacro :  VM library template macro registration complete.
2014-10-12 22:33:31,147 - Velocimacro : allowInline = true : VMs can be defined inline in templates
2014-10-12 22:33:31,147 - Velocimacro : allowInlineToOverride = false : VMs defined inline may NOT replace previous VM definitions
2014-10-12 22:33:31,147 - Velocimacro : allowInlineLocal = false : VMs defined inline will be  global in scope if allowed.
2014-10-12 22:33:31,147 - Velocimacro : messages on  : VM system will output logging messages
2014-10-12 22:33:31,147 - Velocimacro : autoload off  : VM system will not automatically reload global library macros
2014-10-12 22:33:31,147 - Velocimacro : initialization complete.
2014-10-12 22:33:31,147 - Velocity successfully started.
2014-10-13 00:23:19,761 - SimpleLog4JLogSystem initialized using logfile 'velocity.log'
2014-10-13 00:23:19,761 - ************************************************************** 
2014-10-13 00:23:19,761 - Starting Jakarta Velocity v1.4
2014-10-13 00:23:19,761 - RuntimeInstance initializing.
2014-10-13 00:23:19,761 - Default Properties File: org\apache\velocity\runtime\defaults\velocity.properties
2014-10-13 00:23:19,761 - Trying to use logger class org.apache.velocity.runtime.log.SimpleLog4JLogSystem
2014-10-13 00:23:19,761 - Using logger class org.apache.velocity.runtime.log.SimpleLog4JLogSystem
2014-10-13 00:23:19,761 - Default ResourceManager initializing. (class org.apache.velocity.runtime.resource.ResourceManagerImpl)
2014-10-13 00:23:19,777 - Resource Loader Instantiated: org.apache.velocity.runtime.resource.loader.ClasspathResourceLoader
2014-10-13 00:23:19,777 - ClasspathResourceLoader : initialization starting.
2014-10-13 00:23:19,777 - ClasspathResourceLoader : initialization complete.
2014-10-13 00:23:19,777 - ResourceCache : initialized. (class org.apache.velocity.runtime.resource.ResourceCacheImpl)
2014-10-13 00:23:19,777 - Default ResourceManager initialization complete.
2014-10-13 00:23:19,793 - Loaded System Directive: org.apache.velocity.runtime.directive.Literal
2014-10-13 00:23:19,793 - Loaded System Directive: org.apache.velocity.runtime.directive.Macro
2014-10-13 00:23:19,808 - Loaded System Directive: org.apache.velocity.runtime.directive.Parse
2014-10-13 00:23:19,824 - Loaded System Directive: org.apache.velocity.runtime.directive.Include
2014-10-13 00:23:19,824 - Loaded System Directive: org.apache.velocity.runtime.directive.Foreach
2014-10-13 00:23:19,918 - Created: 20 parsers.
2014-10-13 00:23:19,933 - Velocimacro : initialization starting.
2014-10-13 00:23:19,949 - Velocimacro : adding VMs from VM library template : VM_global_library.vm
2014-10-13 00:23:19,965 - ResourceManager : unable to find resource 'VM_global_library.vm' in any resource loader.
2014-10-13 00:23:19,965 - Velocimacro : error using  VM library template VM_global_library.vm : org.apache.velocity.exception.ResourceNotFoundException: Unable to find resource 'VM_global_library.vm'
2014-10-13 00:23:19,965 - Velocimacro :  VM library template macro registration complete.
2014-10-13 00:23:19,965 - Velocimacro : allowInline = true : VMs can be defined inline in templates
2014-10-13 00:23:19,965 - Velocimacro : allowInlineToOverride = false : VMs defined inline may NOT replace previous VM definitions
2014-10-13 00:23:19,965 - Velocimacro : allowInlineLocal = false : VMs defined inline will be  global in scope if allowed.
2014-10-13 00:23:19,965 - Velocimacro : messages on  : VM system will output logging messages
2014-10-13 00:23:19,965 - Velocimacro : autoload off  : VM system will not automatically reload global library macros
2014-10-13 00:23:19,965 - Velocimacro : initialization complete.
2014-10-13 00:23:19,965 - Velocity successfully started.
2014-10-23 00:44:26,252 - SimpleLog4JLogSystem initialized using logfile 'velocity.log'
2014-10-23 00:44:26,252 - ************************************************************** 
2014-10-23 00:44:26,252 - Starting Jakarta Velocity v1.4
2014-10-23 00:44:26,252 - RuntimeInstance initializing.
2014-10-23 00:44:26,252 - Default Properties File: org\apache\velocity\runtime\defaults\velocity.properties
2014-10-23 00:44:26,252 - Trying to use logger class org.apache.velocity.runtime.log.SimpleLog4JLogSystem
2014-10-23 00:44:26,252 - Using logger class org.apache.velocity.runtime.log.SimpleLog4JLogSystem
2014-10-23 00:44:26,252 - Default ResourceManager initializing. (class org.apache.velocity.runtime.resource.ResourceManagerImpl)
2014-10-23 00:44:26,252 - Resource Loader Instantiated: org.apache.velocity.runtime.resource.loader.ClasspathResourceLoader
2014-10-23 00:44:26,252 - ClasspathResourceLoader : initialization starting.
2014-10-23 00:44:26,252 - ClasspathResourceLoader : initialization complete.
2014-10-23 00:44:26,268 - ResourceCache : initialized. (class org.apache.velocity.runtime.resource.ResourceCacheImpl)
2014-10-23 00:44:26,268 - Default ResourceManager initialization complete.
2014-10-23 00:44:26,268 - Loaded System Directive: org.apache.velocity.runtime.directive.Literal
2014-10-23 00:44:26,268 - Loaded System Directive: org.apache.velocity.runtime.directive.Macro
2014-10-23 00:44:26,268 - Loaded System Directive: org.apache.velocity.runtime.directive.Parse
2014-10-23 00:44:26,268 - Loaded System Directive: org.apache.velocity.runtime.directive.Include
2014-10-23 00:44:26,268 - Loaded System Directive: org.apache.velocity.runtime.directive.Foreach
2014-10-23 00:44:26,315 - Created: 20 parsers.
2014-10-23 00:44:26,315 - Velocimacro : initialization starting.
2014-10-23 00:44:26,315 - Velocimacro : adding VMs from VM library template : VM_global_library.vm
2014-10-23 00:44:26,331 - ResourceManager : unable to find resource 'VM_global_library.vm' in any resource loader.
2014-10-23 00:44:26,331 - Velocimacro : error using  VM library template VM_global_library.vm : org.apache.velocity.exception.ResourceNotFoundException: Unable to find resource 'VM_global_library.vm'
2014-10-23 00:44:26,331 - Velocimacro :  VM library template macro registration complete.
2014-10-23 00:44:26,331 - Velocimacro : allowInline = true : VMs can be defined inline in templates
2014-10-23 00:44:26,331 - Velocimacro : allowInlineToOverride = false : VMs defined inline may NOT replace previous VM definitions
2014-10-23 00:44:26,331 - Velocimacro : allowInlineLocal = false : VMs defined inline will be  global in scope if allowed.
2014-10-23 00:44:26,331 - Velocimacro : messages on  : VM system will output logging messages
2014-10-23 00:44:26,331 - Velocimacro : autoload off  : VM system will not automatically reload global library macros
2014-10-23 00:44:26,331 - Velocimacro : initialization complete.
2014-10-23 00:44:26,331 - Velocity successfully started.
2014-10-23 14:54:57,522 - SimpleLog4JLogSystem initialized using logfile 'velocity.log'
2014-10-23 14:54:57,522 - ************************************************************** 
2014-10-23 14:54:57,522 - Starting Jakarta Velocity v1.4
2014-10-23 14:54:57,522 - RuntimeInstance initializing.
2014-10-23 14:54:57,522 - Default Properties File: org\apache\velocity\runtime\defaults\velocity.properties
2014-10-23 14:54:57,522 - Trying to use logger class org.apache.velocity.runtime.log.SimpleLog4JLogSystem
2014-10-23 14:54:57,522 - Using logger class org.apache.velocity.runtime.log.SimpleLog4JLogSystem
2014-10-23 14:54:57,522 - Default ResourceManager initializing. (class org.apache.velocity.runtime.resource.ResourceManagerImpl)
2014-10-23 14:54:57,522 - Resource Loader Instantiated: org.apache.velocity.runtime.resource.loader.ClasspathResourceLoader
2014-10-23 14:54:57,522 - ClasspathResourceLoader : initialization starting.
2014-10-23 14:54:57,522 - ClasspathResourceLoader : initialization complete.
2014-10-23 14:54:57,522 - ResourceCache : initialized. (class org.apache.velocity.runtime.resource.ResourceCacheImpl)
2014-10-23 14:54:57,522 - Default ResourceManager initialization complete.
2014-10-23 14:54:57,538 - Loaded System Directive: org.apache.velocity.runtime.directive.Literal
2014-10-23 14:54:57,538 - Loaded System Directive: org.apache.velocity.runtime.directive.Macro
2014-10-23 14:54:57,538 - Loaded System Directive: org.apache.velocity.runtime.directive.Parse
2014-10-23 14:54:57,538 - Loaded System Directive: org.apache.velocity.runtime.directive.Include
2014-10-23 14:54:57,538 - Loaded System Directive: org.apache.velocity.runtime.directive.Foreach
2014-10-23 14:54:57,569 - Created: 20 parsers.
2014-10-23 14:54:57,569 - Velocimacro : initialization starting.
2014-10-23 14:54:57,569 - Velocimacro : adding VMs from VM library template : VM_global_library.vm
2014-10-23 14:54:57,585 - ResourceManager : unable to find resource 'VM_global_library.vm' in any resource loader.
2014-10-23 14:54:57,585 - Velocimacro : error using  VM library template VM_global_library.vm : org.apache.velocity.exception.ResourceNotFoundException: Unable to find resource 'VM_global_library.vm'
2014-10-23 14:54:57,585 - Velocimacro :  VM library template macro registration complete.
2014-10-23 14:54:57,585 - Velocimacro : allowInline = true : VMs can be defined inline in templates
2014-10-23 14:54:57,585 - Velocimacro : allowInlineToOverride = false : VMs defined inline may NOT replace previous VM definitions
2014-10-23 14:54:57,585 - Velocimacro : allowInlineLocal = false : VMs defined inline will be  global in scope if allowed.
2014-10-23 14:54:57,585 - Velocimacro : messages on  : VM system will output logging messages
2014-10-23 14:54:57,585 - Velocimacro : autoload off  : VM system will not automatically reload global library macros
2014-10-23 14:54:57,585 - Velocimacro : initialization complete.
2014-10-23 14:54:57,585 - Velocity successfully started.
