2014-11-18 23:02:35,589 - SimpleLog4JLogSystem initialized using logfile 'velocity.log'
2014-11-18 23:02:35,589 - ************************************************************** 
2014-11-18 23:02:35,589 - Starting Jakarta Velocity v1.4
2014-11-18 23:02:35,589 - RuntimeInstance initializing.
2014-11-18 23:02:35,589 - Default Properties File: org\apache\velocity\runtime\defaults\velocity.properties
2014-11-18 23:02:35,589 - Trying to use logger class org.apache.velocity.runtime.log.SimpleLog4JLogSystem
2014-11-18 23:02:35,589 - Using logger class org.apache.velocity.runtime.log.SimpleLog4JLogSystem
2014-11-18 23:02:35,605 - Default ResourceManager initializing. (class org.apache.velocity.runtime.resource.ResourceManagerImpl)
2014-11-18 23:02:35,605 - Resource Loader Instantiated: org.apache.velocity.runtime.resource.loader.ClasspathResourceLoader
2014-11-18 23:02:35,605 - ClasspathResourceLoader : initialization starting.
2014-11-18 23:02:35,605 - ClasspathResourceLoader : initialization complete.
2014-11-18 23:02:35,605 - ResourceCache : initialized. (class org.apache.velocity.runtime.resource.ResourceCacheImpl)
2014-11-18 23:02:35,605 - Default ResourceManager initialization complete.
2014-11-18 23:02:35,605 - Loaded System Directive: org.apache.velocity.runtime.directive.Literal
2014-11-18 23:02:35,605 - Loaded System Directive: org.apache.velocity.runtime.directive.Macro
2014-11-18 23:02:35,605 - Loaded System Directive: org.apache.velocity.runtime.directive.Parse
2014-11-18 23:02:35,620 - Loaded System Directive: org.apache.velocity.runtime.directive.Include
2014-11-18 23:02:35,620 - Loaded System Directive: org.apache.velocity.runtime.directive.Foreach
2014-11-18 23:02:35,636 - Created: 20 parsers.
2014-11-18 23:02:35,652 - Velocimacro : initialization starting.
2014-11-18 23:02:35,652 - Velocimacro : adding VMs from VM library template : VM_global_library.vm
2014-11-18 23:02:35,652 - ResourceManager : unable to find resource 'VM_global_library.vm' in any resource loader.
2014-11-18 23:02:35,652 - Velocimacro : error using  VM library template VM_global_library.vm : org.apache.velocity.exception.ResourceNotFoundException: Unable to find resource 'VM_global_library.vm'
2014-11-18 23:02:35,652 - Velocimacro :  VM library template macro registration complete.
2014-11-18 23:02:35,652 - Velocimacro : allowInline = true : VMs can be defined inline in templates
2014-11-18 23:02:35,652 - Velocimacro : allowInlineToOverride = false : VMs defined inline may NOT replace previous VM definitions
2014-11-18 23:02:35,652 - Velocimacro : allowInlineLocal = false : VMs defined inline will be  global in scope if allowed.
2014-11-18 23:02:35,652 - Velocimacro : messages on  : VM system will output logging messages
2014-11-18 23:02:35,652 - Velocimacro : autoload off  : VM system will not automatically reload global library macros
2014-11-18 23:02:35,652 - Velocimacro : initialization complete.
2014-11-18 23:02:35,652 - Velocity successfully started.
2014-11-18 23:22:54,480 - SimpleLog4JLogSystem initialized using logfile 'velocity.log'
2014-11-18 23:22:54,480 - ************************************************************** 
2014-11-18 23:22:54,480 - Starting Jakarta Velocity v1.4
2014-11-18 23:22:54,480 - RuntimeInstance initializing.
2014-11-18 23:22:54,480 - Default Properties File: org\apache\velocity\runtime\defaults\velocity.properties
2014-11-18 23:22:54,480 - Trying to use logger class org.apache.velocity.runtime.log.SimpleLog4JLogSystem
2014-11-18 23:22:54,480 - Using logger class org.apache.velocity.runtime.log.SimpleLog4JLogSystem
2014-11-18 23:22:54,480 - Default ResourceManager initializing. (class org.apache.velocity.runtime.resource.ResourceManagerImpl)
2014-11-18 23:22:54,496 - Resource Loader Instantiated: org.apache.velocity.runtime.resource.loader.ClasspathResourceLoader
2014-11-18 23:22:54,496 - ClasspathResourceLoader : initialization starting.
2014-11-18 23:22:54,496 - ClasspathResourceLoader : initialization complete.
2014-11-18 23:22:54,496 - ResourceCache : initialized. (class org.apache.velocity.runtime.resource.ResourceCacheImpl)
2014-11-18 23:22:54,496 - Default ResourceManager initialization complete.
2014-11-18 23:22:54,496 - Loaded System Directive: org.apache.velocity.runtime.directive.Literal
2014-11-18 23:22:54,496 - Loaded System Directive: org.apache.velocity.runtime.directive.Macro
2014-11-18 23:22:54,496 - Loaded System Directive: org.apache.velocity.runtime.directive.Parse
2014-11-18 23:22:54,496 - Loaded System Directive: org.apache.velocity.runtime.directive.Include
2014-11-18 23:22:54,496 - Loaded System Directive: org.apache.velocity.runtime.directive.Foreach
2014-11-18 23:22:54,527 - Created: 20 parsers.
2014-11-18 23:22:54,543 - Velocimacro : initialization starting.
2014-11-18 23:22:54,543 - Velocimacro : adding VMs from VM library template : VM_global_library.vm
2014-11-18 23:22:54,543 - ResourceManager : unable to find resource 'VM_global_library.vm' in any resource loader.
2014-11-18 23:22:54,543 - Velocimacro : error using  VM library template VM_global_library.vm : org.apache.velocity.exception.ResourceNotFoundException: Unable to find resource 'VM_global_library.vm'
2014-11-18 23:22:54,543 - Velocimacro :  VM library template macro registration complete.
2014-11-18 23:22:54,543 - Velocimacro : allowInline = true : VMs can be defined inline in templates
2014-11-18 23:22:54,543 - Velocimacro : allowInlineToOverride = false : VMs defined inline may NOT replace previous VM definitions
2014-11-18 23:22:54,543 - Velocimacro : allowInlineLocal = false : VMs defined inline will be  global in scope if allowed.
2014-11-18 23:22:54,543 - Velocimacro : messages on  : VM system will output logging messages
2014-11-18 23:22:54,543 - Velocimacro : autoload off  : VM system will not automatically reload global library macros
2014-11-18 23:22:54,543 - Velocimacro : initialization complete.
2014-11-18 23:22:54,543 - Velocity successfully started.
2014-11-19 01:29:12,203 - SimpleLog4JLogSystem initialized using logfile 'velocity.log'
2014-11-19 01:29:12,203 - ************************************************************** 
2014-11-19 01:29:12,203 - Starting Jakarta Velocity v1.4
2014-11-19 01:29:12,203 - RuntimeInstance initializing.
2014-11-19 01:29:12,203 - Default Properties File: org\apache\velocity\runtime\defaults\velocity.properties
2014-11-19 01:29:12,203 - Trying to use logger class org.apache.velocity.runtime.log.SimpleLog4JLogSystem
2014-11-19 01:29:12,203 - Using logger class org.apache.velocity.runtime.log.SimpleLog4JLogSystem
2014-11-19 01:29:12,219 - Default ResourceManager initializing. (class org.apache.velocity.runtime.resource.ResourceManagerImpl)
2014-11-19 01:29:12,219 - Resource Loader Instantiated: org.apache.velocity.runtime.resource.loader.ClasspathResourceLoader
2014-11-19 01:29:12,219 - ClasspathResourceLoader : initialization starting.
2014-11-19 01:29:12,219 - ClasspathResourceLoader : initialization complete.
2014-11-19 01:29:12,219 - ResourceCache : initialized. (class org.apache.velocity.runtime.resource.ResourceCacheImpl)
2014-11-19 01:29:12,219 - Default ResourceManager initialization complete.
2014-11-19 01:29:12,219 - Loaded System Directive: org.apache.velocity.runtime.directive.Literal
2014-11-19 01:29:12,219 - Loaded System Directive: org.apache.velocity.runtime.directive.Macro
2014-11-19 01:29:12,235 - Loaded System Directive: org.apache.velocity.runtime.directive.Parse
2014-11-19 01:29:12,235 - Loaded System Directive: org.apache.velocity.runtime.directive.Include
2014-11-19 01:29:12,235 - Loaded System Directive: org.apache.velocity.runtime.directive.Foreach
2014-11-19 01:29:12,266 - Created: 20 parsers.
2014-11-19 01:29:12,266 - Velocimacro : initialization starting.
2014-11-19 01:29:12,266 - Velocimacro : adding VMs from VM library template : VM_global_library.vm
2014-11-19 01:29:12,266 - ResourceManager : unable to find resource 'VM_global_library.vm' in any resource loader.
2014-11-19 01:29:12,266 - Velocimacro : error using  VM library template VM_global_library.vm : org.apache.velocity.exception.ResourceNotFoundException: Unable to find resource 'VM_global_library.vm'
2014-11-19 01:29:12,266 - Velocimacro :  VM library template macro registration complete.
2014-11-19 01:29:12,266 - Velocimacro : allowInline = true : VMs can be defined inline in templates
2014-11-19 01:29:12,266 - Velocimacro : allowInlineToOverride = false : VMs defined inline may NOT replace previous VM definitions
2014-11-19 01:29:12,266 - Velocimacro : allowInlineLocal = false : VMs defined inline will be  global in scope if allowed.
2014-11-19 01:29:12,266 - Velocimacro : messages on  : VM system will output logging messages
2014-11-19 01:29:12,266 - Velocimacro : autoload off  : VM system will not automatically reload global library macros
2014-11-19 01:29:12,266 - Velocimacro : initialization complete.
2014-11-19 01:29:12,266 - Velocity successfully started.
2014-11-19 03:11:30,773 - SimpleLog4JLogSystem initialized using logfile 'velocity.log'
2014-11-19 03:11:30,773 - ************************************************************** 
2014-11-19 03:11:30,773 - Starting Jakarta Velocity v1.4
2014-11-19 03:11:30,773 - RuntimeInstance initializing.
2014-11-19 03:11:30,773 - Default Properties File: org\apache\velocity\runtime\defaults\velocity.properties
2014-11-19 03:11:30,773 - Trying to use logger class org.apache.velocity.runtime.log.SimpleLog4JLogSystem
2014-11-19 03:11:30,773 - Using logger class org.apache.velocity.runtime.log.SimpleLog4JLogSystem
2014-11-19 03:11:30,773 - Default ResourceManager initializing. (class org.apache.velocity.runtime.resource.ResourceManagerImpl)
2014-11-19 03:11:30,773 - Resource Loader Instantiated: org.apache.velocity.runtime.resource.loader.ClasspathResourceLoader
2014-11-19 03:11:30,773 - ClasspathResourceLoader : initialization starting.
2014-11-19 03:11:30,773 - ClasspathResourceLoader : initialization complete.
2014-11-19 03:11:30,773 - ResourceCache : initialized. (class org.apache.velocity.runtime.resource.ResourceCacheImpl)
2014-11-19 03:11:30,773 - Default ResourceManager initialization complete.
2014-11-19 03:11:30,773 - Loaded System Directive: org.apache.velocity.runtime.directive.Literal
2014-11-19 03:11:30,788 - Loaded System Directive: org.apache.velocity.runtime.directive.Macro
2014-11-19 03:11:30,788 - Loaded System Directive: org.apache.velocity.runtime.directive.Parse
2014-11-19 03:11:30,788 - Loaded System Directive: org.apache.velocity.runtime.directive.Include
2014-11-19 03:11:30,788 - Loaded System Directive: org.apache.velocity.runtime.directive.Foreach
2014-11-19 03:11:30,804 - Created: 20 parsers.
2014-11-19 03:11:30,820 - Velocimacro : initialization starting.
2014-11-19 03:11:30,820 - Velocimacro : adding VMs from VM library template : VM_global_library.vm
2014-11-19 03:11:30,820 - ResourceManager : unable to find resource 'VM_global_library.vm' in any resource loader.
2014-11-19 03:11:30,820 - Velocimacro : error using  VM library template VM_global_library.vm : org.apache.velocity.exception.ResourceNotFoundException: Unable to find resource 'VM_global_library.vm'
2014-11-19 03:11:30,820 - Velocimacro :  VM library template macro registration complete.
2014-11-19 03:11:30,820 - Velocimacro : allowInline = true : VMs can be defined inline in templates
2014-11-19 03:11:30,820 - Velocimacro : allowInlineToOverride = false : VMs defined inline may NOT replace previous VM definitions
2014-11-19 03:11:30,820 - Velocimacro : allowInlineLocal = false : VMs defined inline will be  global in scope if allowed.
2014-11-19 03:11:30,820 - Velocimacro : messages on  : VM system will output logging messages
2014-11-19 03:11:30,820 - Velocimacro : autoload off  : VM system will not automatically reload global library macros
2014-11-19 03:11:30,820 - Velocimacro : initialization complete.
2014-11-19 03:11:30,820 - Velocity successfully started.
2014-11-19 03:12:56,097 - SimpleLog4JLogSystem initialized using logfile 'velocity.log'
2014-11-19 03:12:56,097 - ************************************************************** 
2014-11-19 03:12:56,097 - Starting Jakarta Velocity v1.4
2014-11-19 03:12:56,097 - RuntimeInstance initializing.
2014-11-19 03:12:56,097 - Default Properties File: org\apache\velocity\runtime\defaults\velocity.properties
2014-11-19 03:12:56,097 - Trying to use logger class org.apache.velocity.runtime.log.SimpleLog4JLogSystem
2014-11-19 03:12:56,097 - Using logger class org.apache.velocity.runtime.log.SimpleLog4JLogSystem
2014-11-19 03:12:56,097 - Default ResourceManager initializing. (class org.apache.velocity.runtime.resource.ResourceManagerImpl)
2014-11-19 03:12:56,097 - Resource Loader Instantiated: org.apache.velocity.runtime.resource.loader.ClasspathResourceLoader
2014-11-19 03:12:56,097 - ClasspathResourceLoader : initialization starting.
2014-11-19 03:12:56,097 - ClasspathResourceLoader : initialization complete.
2014-11-19 03:12:56,097 - ResourceCache : initialized. (class org.apache.velocity.runtime.resource.ResourceCacheImpl)
2014-11-19 03:12:56,097 - Default ResourceManager initialization complete.
2014-11-19 03:12:56,097 - Loaded System Directive: org.apache.velocity.runtime.directive.Literal
2014-11-19 03:12:56,097 - Loaded System Directive: org.apache.velocity.runtime.directive.Macro
2014-11-19 03:12:56,113 - Loaded System Directive: org.apache.velocity.runtime.directive.Parse
2014-11-19 03:12:56,113 - Loaded System Directive: org.apache.velocity.runtime.directive.Include
2014-11-19 03:12:56,113 - Loaded System Directive: org.apache.velocity.runtime.directive.Foreach
2014-11-19 03:12:56,144 - Created: 20 parsers.
2014-11-19 03:12:56,144 - Velocimacro : initialization starting.
2014-11-19 03:12:56,144 - Velocimacro : adding VMs from VM library template : VM_global_library.vm
2014-11-19 03:12:56,144 - ResourceManager : unable to find resource 'VM_global_library.vm' in any resource loader.
2014-11-19 03:12:56,144 - Velocimacro : error using  VM library template VM_global_library.vm : org.apache.velocity.exception.ResourceNotFoundException: Unable to find resource 'VM_global_library.vm'
2014-11-19 03:12:56,144 - Velocimacro :  VM library template macro registration complete.
2014-11-19 03:12:56,144 - Velocimacro : allowInline = true : VMs can be defined inline in templates
2014-11-19 03:12:56,144 - Velocimacro : allowInlineToOverride = false : VMs defined inline may NOT replace previous VM definitions
2014-11-19 03:12:56,144 - Velocimacro : allowInlineLocal = false : VMs defined inline will be  global in scope if allowed.
2014-11-19 03:12:56,144 - Velocimacro : messages on  : VM system will output logging messages
2014-11-19 03:12:56,160 - Velocimacro : autoload off  : VM system will not automatically reload global library macros
2014-11-19 03:12:56,160 - Velocimacro : initialization complete.
2014-11-19 03:12:56,160 - Velocity successfully started.
