2015-01-01 23:52:04,509 - SimpleLog4JLogSystem initialized using logfile 'velocity.log'
2015-01-01 23:52:04,509 - ************************************************************** 
2015-01-01 23:52:04,509 - Starting Jakarta Velocity v1.4
2015-01-01 23:52:04,509 - RuntimeInstance initializing.
2015-01-01 23:52:04,509 - Default Properties File: org\apache\velocity\runtime\defaults\velocity.properties
2015-01-01 23:52:04,509 - Trying to use logger class org.apache.velocity.runtime.log.SimpleLog4JLogSystem
2015-01-01 23:52:04,509 - Using logger class org.apache.velocity.runtime.log.SimpleLog4JLogSystem
2015-01-01 23:52:04,524 - Default ResourceManager initializing. (class org.apache.velocity.runtime.resource.ResourceManagerImpl)
2015-01-01 23:52:04,540 - Resource Loader Instantiated: org.apache.velocity.runtime.resource.loader.ClasspathResourceLoader
2015-01-01 23:52:04,540 - ClasspathResourceLoader : initialization starting.
2015-01-01 23:52:04,540 - ClasspathResourceLoader : initialization complete.
2015-01-01 23:52:04,540 - ResourceCache : initialized. (class org.apache.velocity.runtime.resource.ResourceCacheImpl)
2015-01-01 23:52:04,540 - Default ResourceManager initialization complete.
2015-01-01 23:52:04,540 - Loaded System Directive: org.apache.velocity.runtime.directive.Literal
2015-01-01 23:52:04,556 - Loaded System Directive: org.apache.velocity.runtime.directive.Macro
2015-01-01 23:52:04,556 - Loaded System Directive: org.apache.velocity.runtime.directive.Parse
2015-01-01 23:52:04,571 - Loaded System Directive: org.apache.velocity.runtime.directive.Include
2015-01-01 23:52:04,571 - Loaded System Directive: org.apache.velocity.runtime.directive.Foreach
2015-01-01 23:52:04,649 - Created: 20 parsers.
2015-01-01 23:52:04,681 - Velocimacro : initialization starting.
2015-01-01 23:52:04,681 - Velocimacro : adding VMs from VM library template : VM_global_library.vm
2015-01-01 23:52:04,696 - ResourceManager : unable to find resource 'VM_global_library.vm' in any resource loader.
2015-01-01 23:52:04,696 - Velocimacro : error using  VM library template VM_global_library.vm : org.apache.velocity.exception.ResourceNotFoundException: Unable to find resource 'VM_global_library.vm'
2015-01-01 23:52:04,696 - Velocimacro :  VM library template macro registration complete.
2015-01-01 23:52:04,696 - Velocimacro : allowInline = true : VMs can be defined inline in templates
2015-01-01 23:52:04,696 - Velocimacro : allowInlineToOverride = false : VMs defined inline may NOT replace previous VM definitions
2015-01-01 23:52:04,696 - Velocimacro : allowInlineLocal = false : VMs defined inline will be  global in scope if allowed.
2015-01-01 23:52:04,696 - Velocimacro : messages on  : VM system will output logging messages
2015-01-01 23:52:04,696 - Velocimacro : autoload off  : VM system will not automatically reload global library macros
2015-01-01 23:52:04,696 - Velocimacro : initialization complete.
2015-01-01 23:52:04,696 - Velocity successfully started.
2015-01-02 02:06:30,186 - SimpleLog4JLogSystem initialized using logfile 'velocity.log'
2015-01-02 02:06:30,186 - ************************************************************** 
2015-01-02 02:06:30,186 - Starting Jakarta Velocity v1.4
2015-01-02 02:06:30,186 - RuntimeInstance initializing.
2015-01-02 02:06:30,186 - Default Properties File: org\apache\velocity\runtime\defaults\velocity.properties
2015-01-02 02:06:30,186 - Trying to use logger class org.apache.velocity.runtime.log.SimpleLog4JLogSystem
2015-01-02 02:06:30,186 - Using logger class org.apache.velocity.runtime.log.SimpleLog4JLogSystem
2015-01-02 02:06:30,186 - Default ResourceManager initializing. (class org.apache.velocity.runtime.resource.ResourceManagerImpl)
2015-01-02 02:06:30,202 - Resource Loader Instantiated: org.apache.velocity.runtime.resource.loader.ClasspathResourceLoader
2015-01-02 02:06:30,202 - ClasspathResourceLoader : initialization starting.
2015-01-02 02:06:30,202 - ClasspathResourceLoader : initialization complete.
2015-01-02 02:06:30,217 - ResourceCache : initialized. (class org.apache.velocity.runtime.resource.ResourceCacheImpl)
2015-01-02 02:06:30,217 - Default ResourceManager initialization complete.
2015-01-02 02:06:30,217 - Loaded System Directive: org.apache.velocity.runtime.directive.Literal
2015-01-02 02:06:30,233 - Loaded System Directive: org.apache.velocity.runtime.directive.Macro
2015-01-02 02:06:30,233 - Loaded System Directive: org.apache.velocity.runtime.directive.Parse
2015-01-02 02:06:30,248 - Loaded System Directive: org.apache.velocity.runtime.directive.Include
2015-01-02 02:06:30,248 - Loaded System Directive: org.apache.velocity.runtime.directive.Foreach
2015-01-02 02:06:30,343 - Created: 20 parsers.
2015-01-02 02:06:30,374 - Velocimacro : initialization starting.
2015-01-02 02:06:30,374 - Velocimacro : adding VMs from VM library template : VM_global_library.vm
2015-01-02 02:06:30,390 - ResourceManager : unable to find resource 'VM_global_library.vm' in any resource loader.
2015-01-02 02:06:30,390 - Velocimacro : error using  VM library template VM_global_library.vm : org.apache.velocity.exception.ResourceNotFoundException: Unable to find resource 'VM_global_library.vm'
2015-01-02 02:06:30,390 - Velocimacro :  VM library template macro registration complete.
2015-01-02 02:06:30,390 - Velocimacro : allowInline = true : VMs can be defined inline in templates
2015-01-02 02:06:30,390 - Velocimacro : allowInlineToOverride = false : VMs defined inline may NOT replace previous VM definitions
2015-01-02 02:06:30,390 - Velocimacro : allowInlineLocal = false : VMs defined inline will be  global in scope if allowed.
2015-01-02 02:06:30,390 - Velocimacro : messages on  : VM system will output logging messages
2015-01-02 02:06:30,390 - Velocimacro : autoload off  : VM system will not automatically reload global library macros
2015-01-02 02:06:30,390 - Velocimacro : initialization complete.
2015-01-02 02:06:30,390 - Velocity successfully started.
